c:\repos\nikorapidsoftware\rapidstuff\sampleappscpp\debug\absolutemotion.obj
c:\repos\nikorapidsoftware\rapidstuff\sampleappscpp\debug\configampfault.obj
c:\repos\nikorapidsoftware\rapidstuff\sampleappscpp\debug\controllerinterrupts.obj
c:\repos\nikorapidsoftware\rapidstuff\sampleappscpp\debug\customethercathome.obj
c:\repos\nikorapidsoftware\rapidstuff\sampleappscpp\debug\customhome.obj
c:\repos\nikorapidsoftware\rapidstuff\sampleappscpp\debug\errorlog.obj
c:\repos\nikorapidsoftware\rapidstuff\sampleappscpp\debug\exampleapplications.obj
c:\repos\nikorapidsoftware\rapidstuff\sampleappscpp\debug\gantry.obj
c:\repos\nikorapidsoftware\rapidstuff\sampleappscpp\debug\hardwarelimits.obj
c:\repos\nikorapidsoftware\rapidstuff\sampleappscpp\debug\helperfunctions.obj
c:\repos\nikorapidsoftware\rapidstuff\sampleappscpp\debug\home.obj
c:\repos\nikorapidsoftware\rapidstuff\sampleappscpp\debug\memory.obj
c:\repos\nikorapidsoftware\rapidstuff\sampleappscpp\debug\pathmotion.obj
c:\repos\nikorapidsoftware\rapidstuff\sampleappscpp\debug\pvtmotion.obj
c:\repos\nikorapidsoftware\rapidstuff\sampleappscpp\debug\recorder.obj
c:\repos\nikorapidsoftware\rapidstuff\sampleappscpp\debug\relativemotion.obj
c:\repos\nikorapidsoftware\rapidstuff\sampleappscpp\debug\settlecriteria.obj
c:\repos\nikorapidsoftware\rapidstuff\sampleappscpp\debug\streamingmotionbuffermanagement.obj
c:\repos\nikorapidsoftware\rapidstuff\sampleappscpp\debug\stdafx.obj
c:\repos\nikorapidsoftware\rapidstuff\sampleappscpp\debug\stoprate.obj
c:\repos\nikorapidsoftware\rapidstuff\sampleappscpp\debug\syncinterrupt.obj
c:\repos\nikorapidsoftware\rapidstuff\sampleappscpp\debug\syncoutputwithmotion.obj
c:\repos\nikorapidsoftware\rapidstuff\sampleappscpp\debug\template.obj
c:\repos\nikorapidsoftware\rapidstuff\sampleappscpp\debug\updatebufferpoints.obj
c:\repos\nikorapidsoftware\rapidstuff\sampleappscpp\debug\userlimitdigitalinputaction.obj
c:\repos\nikorapidsoftware\rapidstuff\sampleappscpp\debug\axisstatus.obj
c:\repos\nikorapidsoftware\rapidstuff\sampleappscpp\debug\finalvelocity.obj
c:\repos\nikorapidsoftware\rapidstuff\sampleappscpp\debug\phantomaxis.obj
c:\repos\nikorapidsoftware\rapidstuff\sampleappscpp\debug\scurvemotion.obj
c:\repos\nikorapidsoftware\rapidstuff\sampleappscpp\debug\axissettling.obj
c:\repos\nikorapidsoftware\rapidstuff\sampleappscpp\debug\motionholdreleasedbyposition.obj
c:\repos\nikorapidsoftware\rapidstuff\sampleappscpp\debug\ptmotionwhilestopping.obj
c:\repos\nikorapidsoftware\rapidstuff\sampleappscpp\debug\velocitysetbyanaloginputvalue.obj
c:\repos\nikorapidsoftware\rapidstuff\sampleappscpp\debug\camming.obj
c:\repos\nikorapidsoftware\rapidstuff\sampleappscpp\debug\gearing.obj
c:\repos\nikorapidsoftware\rapidstuff\sampleappscpp\debug\motionholdreleasedbydigitalinput.obj
c:\repos\nikorapidsoftware\rapidstuff\sampleappscpp\debug\pointtopointmultiaxismotion.obj
c:\repos\nikorapidsoftware\rapidstuff\sampleappscpp\debug\pvtmotionmultiaxis.obj
c:\repos\nikorapidsoftware\rapidstuff\sampleappscpp\debug\homingwithakddrive.obj
c:\repos\nikorapidsoftware\rapidstuff\sampleappscpp\debug\userlimitgainchangebasedonposition.obj
c:\repos\nikorapidsoftware\rapidstuff\sampleappscpp\debug\hometonegativelimit.obj
c:\repos\nikorapidsoftware\rapidstuff\sampleappscpp\debug\multiaxismotion.obj
c:\repos\nikorapidsoftware\rapidstuff\sampleappscpp\debug\ptmotion.obj
c:\repos\nikorapidsoftware\rapidstuff\sampleappscpp\debug\singleaxissyncoutputs.obj
c:\repos\nikorapidsoftware\rapidstuff\sampleappscpp\debug\hhome.obj
c:\repos\nikorapidsoftware\rapidstuff\sampleappscpp\debug\motionholdreleasedbysoftwareaddress.obj
c:\repos\nikorapidsoftware\rapidstuff\sampleappscpp\debug\setuserunits.obj
c:\repos\nikorapidsoftware\rapidstuff\sampleappscpp\debug\userlimit.obj
c:\repos\nikorapidsoftware\rapidstuff\sampleappscpp\debug\feedrate.obj
c:\repos\nikorapidsoftware\rapidstuff\sampleappscpp\debug\iowithakd.obj
c:\repos\nikorapidsoftware\rapidstuff\sampleappscpp\debug\dedicatedio.obj
c:\repos\nikorapidsoftware\rapidstuff\sampleappscpp\debug\userlimitpositiononecondition.obj
c:\repos\nikorapidsoftware\rapidstuff\sampleappscpp\debug\userlimitstateaction.obj
c:\repos\nikorapidsoftware\rapidstuff\sampleappscpp\debug\vc141.pdb
c:\repos\nikorapidsoftware\rapidstuff\sampleappscpp\debug\vc141.idb
c:\repos\nikorapidsoftware\debug\sampleappscpp.exe
c:\repos\nikorapidsoftware\debug\sampleappscpp.ilk
c:\repos\nikorapidsoftware\debug\sampleappscpp.pdb
c:\repos\nikorapidsoftware\rapidstuff\sampleappscpp\debug\cl.13372.read.1.tlog
c:\repos\nikorapidsoftware\rapidstuff\sampleappscpp\debug\cl.13372.write.1.tlog
c:\repos\nikorapidsoftware\rapidstuff\sampleappscpp\debug\cl.15660.read.1.tlog
c:\repos\nikorapidsoftware\rapidstuff\sampleappscpp\debug\cl.15660.write.1.tlog
c:\repos\nikorapidsoftware\rapidstuff\sampleappscpp\debug\cl.17388.read.1.tlog
c:\repos\nikorapidsoftware\rapidstuff\sampleappscpp\debug\cl.17388.write.1.tlog
c:\repos\nikorapidsoftware\rapidstuff\sampleappscpp\debug\cl.17692.read.1.tlog
c:\repos\nikorapidsoftware\rapidstuff\sampleappscpp\debug\cl.17692.write.1.tlog
c:\repos\nikorapidsoftware\rapidstuff\sampleappscpp\debug\cl.18012.read.1.tlog
c:\repos\nikorapidsoftware\rapidstuff\sampleappscpp\debug\cl.18012.write.1.tlog
c:\repos\nikorapidsoftware\rapidstuff\sampleappscpp\debug\cl.20520.read.1.tlog
c:\repos\nikorapidsoftware\rapidstuff\sampleappscpp\debug\cl.20520.write.1.tlog
c:\repos\nikorapidsoftware\rapidstuff\sampleappscpp\debug\cl.21380.read.1.tlog
c:\repos\nikorapidsoftware\rapidstuff\sampleappscpp\debug\cl.21380.write.1.tlog
c:\repos\nikorapidsoftware\rapidstuff\sampleappscpp\debug\cl.22092.read.1.tlog
c:\repos\nikorapidsoftware\rapidstuff\sampleappscpp\debug\cl.22092.write.1.tlog
c:\repos\nikorapidsoftware\rapidstuff\sampleappscpp\debug\cl.3736.read.1.tlog
c:\repos\nikorapidsoftware\rapidstuff\sampleappscpp\debug\cl.3736.write.1.tlog
c:\repos\nikorapidsoftware\rapidstuff\sampleappscpp\debug\cl.472.read.1.tlog
c:\repos\nikorapidsoftware\rapidstuff\sampleappscpp\debug\cl.472.write.1.tlog
c:\repos\nikorapidsoftware\rapidstuff\sampleappscpp\debug\cl.8924.read.1.tlog
c:\repos\nikorapidsoftware\rapidstuff\sampleappscpp\debug\cl.8924.write.1.tlog
c:\repos\nikorapidsoftware\rapidstuff\sampleappscpp\debug\cl.command.1.tlog
c:\repos\nikorapidsoftware\rapidstuff\sampleappscpp\debug\cl.read.1.tlog
c:\repos\nikorapidsoftware\rapidstuff\sampleappscpp\debug\cl.write.1.tlog
c:\repos\nikorapidsoftware\rapidstuff\sampleappscpp\debug\vc100.idb
c:\repos\nikorapidsoftware\rapidstuff\sampleappscpp\debug\vc100.pdb
c:\repos\nikorapidsoftware\rapidstuff\sampleappscpp\..\..\debug\sampleappscpp.exe
c:\repos\nikorapidsoftware\rapidstuff\sampleappscpp\debug\sampleappscpp.tlog\cl.command.1.tlog
c:\repos\nikorapidsoftware\rapidstuff\sampleappscpp\debug\sampleappscpp.tlog\cl.read.1.tlog
c:\repos\nikorapidsoftware\rapidstuff\sampleappscpp\debug\sampleappscpp.tlog\cl.write.1.tlog
c:\repos\nikorapidsoftware\rapidstuff\sampleappscpp\debug\sampleappscpp.tlog\link.command.1.tlog
c:\repos\nikorapidsoftware\rapidstuff\sampleappscpp\debug\sampleappscpp.tlog\link.read.1.tlog
c:\repos\nikorapidsoftware\rapidstuff\sampleappscpp\debug\sampleappscpp.tlog\link.write.1.tlog
