c:\repos\nikorapidsoftware\rapidstuff\sampleappscpp\release\absolutemotion.obj
c:\repos\nikorapidsoftware\rapidstuff\sampleappscpp\release\helperfunctions.obj
c:\repos\nikorapidsoftware\rapidstuff\sampleappscpp\release\stdafx.obj
c:\repos\nikorapidsoftware\rapidstuff\sampleappscpp\release\stoprate.obj
c:\repos\nikorapidsoftware\rapidstuff\sampleappscpp\release\userlimitgainchangebasedonposition.obj
c:\repos\nikorapidsoftware\rapidstuff\sampleappscpp\release\errorlog.obj
c:\repos\nikorapidsoftware\rapidstuff\sampleappscpp\release\gear.obj
c:\repos\nikorapidsoftware\rapidstuff\sampleappscpp\release\pvtmotion.obj
c:\repos\nikorapidsoftware\rapidstuff\sampleappscpp\release\template.obj
c:\repos\nikorapidsoftware\rapidstuff\sampleappscpp\release\customethercathome.obj
c:\repos\nikorapidsoftware\rapidstuff\sampleappscpp\release\hardwarelimits.obj
c:\repos\nikorapidsoftware\rapidstuff\sampleappscpp\release\recorder.obj
c:\repos\nikorapidsoftware\rapidstuff\sampleappscpp\release\syncinterrupt.obj
c:\repos\nikorapidsoftware\rapidstuff\sampleappscpp\release\configampfault.obj
c:\repos\nikorapidsoftware\rapidstuff\sampleappscpp\release\home.obj
c:\repos\nikorapidsoftware\rapidstuff\sampleappscpp\release\relativemotion.obj
c:\repos\nikorapidsoftware\rapidstuff\sampleappscpp\release\userlimit.obj
c:\repos\nikorapidsoftware\rapidstuff\sampleappscpp\release\customhome.obj
c:\repos\nikorapidsoftware\rapidstuff\sampleappscpp\release\multiaxismotion.obj
c:\repos\nikorapidsoftware\rapidstuff\sampleappscpp\release\settlecriteria.obj
c:\repos\nikorapidsoftware\rapidstuff\sampleappscpp\release\userlimitdigitalinputaction.obj
c:\repos\nikorapidsoftware\rapidstuff\sampleappscpp\release\controllerinterrupts.obj
c:\repos\nikorapidsoftware\rapidstuff\sampleappscpp\release\memory.obj
c:\repos\nikorapidsoftware\rapidstuff\sampleappscpp\release\streamingmotionbuffermanagement.obj
c:\repos\nikorapidsoftware\rapidstuff\sampleappscpp\release\syncoutputwithmotion.obj
c:\repos\nikorapidsoftware\rapidstuff\sampleappscpp\release\userlimitstateaction.obj
c:\repos\nikorapidsoftware\rapidstuff\sampleappscpp\release\exampleapplications.obj
c:\repos\nikorapidsoftware\rapidstuff\sampleappscpp\release\gantry.obj
c:\repos\nikorapidsoftware\rapidstuff\sampleappscpp\release\pathmotion.obj
c:\repos\nikorapidsoftware\rapidstuff\sampleappscpp\release\updatebufferpoints.obj
c:\repos\nikorapidsoftware\rapidstuff\sampleappscpp\release\vc141.pdb
c:\repos\nikorapidsoftware\release\sampleappscpp.exe
c:\repos\nikorapidsoftware\release\sampleappscpp.ipdb
c:\repos\nikorapidsoftware\release\sampleappscpp.iobj
c:\repos\nikorapidsoftware\rapidstuff\sampleappscpp\..\..\release\sampleappscpp.exe
c:\repos\nikorapidsoftware\rapidstuff\sampleappscpp\release\sampleappscpp.tlog\cl.16140.write.1.tlog
c:\repos\nikorapidsoftware\rapidstuff\sampleappscpp\release\sampleappscpp.tlog\cl.command.1.tlog
c:\repos\nikorapidsoftware\rapidstuff\sampleappscpp\release\sampleappscpp.tlog\cl.read.1.tlog
c:\repos\nikorapidsoftware\rapidstuff\sampleappscpp\release\sampleappscpp.tlog\link.command.1.tlog
c:\repos\nikorapidsoftware\rapidstuff\sampleappscpp\release\sampleappscpp.tlog\link.read.1.tlog
c:\repos\nikorapidsoftware\rapidstuff\sampleappscpp\release\sampleappscpp.tlog\link.write.1.tlog
c:\repos\nikorapidsoftware\rapidstuff\sampleappscpp\release\sampleappscpp.tlog\sampleappscpp.write.1u.tlog
